<?xml version="1.0" encoding="UTF-8"?>
<!-- Generated by org.testng.reporters.JUnitReportReporter -->
<testsuite hostname="LAPTOP-L1EEL2J1" failures="0" tests="8" name="com.rem.qa.testcases.LoginPageTest" time="40.014" errors="0" timestamp="2022-07-02T18:15:10 EDT" skipped="4">
  <testcase classname="com.rem.qa.testcases.LoginPageTest" name="loginTest" time="12.166"/>
  <testcase classname="com.rem.qa.testcases.LoginPageTest" name="loginTest" time="10.047"/>
  <testcase classname="com.rem.qa.testcases.LoginPageTest" name="loginTest" time="8.935"/>
  <testcase classname="com.rem.qa.testcases.LoginPageTest" name="loginTest" time="8.866"/>
  <testcase classname="com.rem.qa.testcases.LoginPageTest" name="forgotPasswordTest">
    <skipped/>
  </testcase> <!-- forgotPasswordTest -->
  <testcase classname="com.rem.qa.testcases.LoginPageTest" name="validateLoginPageTitleTest">
    <skipped/>
  </testcase> <!-- validateLoginPageTitleTest -->
  <testcase classname="com.rem.qa.testcases.LoginPageTest" name="loginTest">
    <skipped/>
  </testcase> <!-- loginTest -->
  <testcase classname="com.rem.qa.testcases.LoginPageTest" name="createAccountTest">
    <skipped/>
  </testcase> <!-- createAccountTest -->
</testsuite> <!-- com.rem.qa.testcases.LoginPageTest -->
