<?xml version="1.0" encoding="UTF-8"?>
<!-- Generated by org.testng.reporters.JUnitReportReporter -->
<testsuite hostname="LAPTOP-L1EEL2J1" failures="0" tests="3" name="com.rem.qa.testcases.HomePageTest" time="18.225" errors="0" timestamp="2022-07-02T18:15:10 EDT" skipped="0">
  <testcase classname="com.rem.qa.testcases.HomePageTest" name="homePageTitleTest" time="4.793"/>
  <testcase classname="com.rem.qa.testcases.HomePageTest" name="zaraLogoTest" time="5.837"/>
  <testcase classname="com.rem.qa.testcases.HomePageTest" name="loginPageButtonTest" time="7.595"/>
</testsuite> <!-- com.rem.qa.testcases.HomePageTest -->
